11/14/2017 10:04:32 AM	This log contains information about the import schema operation into project 'EarningWarning.Stage' on computer 'PLB_SURFACEBOOK' by user 'pleblanc'.
11/14/2017 10:04:32 AM	Import of database schema has started.
11/14/2017 10:04:38 AM	Gathering logins
11/14/2017 10:04:38 AM	Gathering database credentials
11/14/2017 10:04:38 AM	Gathering database options
11/14/2017 10:04:38 AM	Gathering generic database scoped configuration option
11/14/2017 10:04:38 AM	Gathering users
11/14/2017 10:04:38 AM	Gathering roles
11/14/2017 10:04:38 AM	Gathering application roles
11/14/2017 10:04:38 AM	Gathering role memberships
11/14/2017 10:04:38 AM	Gathering filegroups
11/14/2017 10:04:38 AM	Gathering full-text catalogs
11/14/2017 10:04:38 AM	Gathering assemblies
11/14/2017 10:04:38 AM	Gathering certificates
11/14/2017 10:04:38 AM	Gathering symmetric keys
11/14/2017 10:04:38 AM	Gathering encrypted symmetric keys
11/14/2017 10:04:38 AM	Gathering schemas
11/14/2017 10:04:38 AM	Gathering XML schema collections
11/14/2017 10:04:38 AM	Gathering user-defined data types
11/14/2017 10:04:38 AM	Gathering user-defined types
11/14/2017 10:04:38 AM	Gathering table types
11/14/2017 10:04:38 AM	Gathering unique keys for table types
11/14/2017 10:04:38 AM	Gathering primary keys for table types
11/14/2017 10:04:38 AM	Gathering indexes for table types
11/14/2017 10:04:38 AM	Gathering check constraints for table types
11/14/2017 10:04:38 AM	Gathering default constraints for table types
11/14/2017 10:04:38 AM	Gathering partition functions
11/14/2017 10:04:38 AM	Gathering partition schemes
11/14/2017 10:04:38 AM	Gathering functions
11/14/2017 10:04:38 AM	Gathering encrypted functions
11/14/2017 10:04:38 AM	Gathering aggregates
11/14/2017 10:04:38 AM	Gathering procedures
11/14/2017 10:04:38 AM	Gathering encrypted procedures
11/14/2017 10:04:38 AM	Gathering tables
11/14/2017 10:04:39 AM	Gathering primary keys
11/14/2017 10:04:39 AM	Gathering unique constraints
11/14/2017 10:04:39 AM	Gathering foreign keys
11/14/2017 10:04:39 AM	Gathering default constraints
11/14/2017 10:04:39 AM	Gathering check constraints
11/14/2017 10:04:39 AM	Gathering views
11/14/2017 10:04:39 AM	Gathering encrypted views
11/14/2017 10:04:39 AM	Gathering indexes
11/14/2017 10:04:39 AM	Gathering statistics
11/14/2017 10:04:39 AM	Gathering full-text index stoplists
11/14/2017 10:04:39 AM	Gathering search property lists
11/14/2017 10:04:39 AM	Gathering search properties
11/14/2017 10:04:39 AM	Gathering full-text indexes
11/14/2017 10:04:39 AM	Gathering column store indexes
11/14/2017 10:04:39 AM	Gathering spatial indexes
11/14/2017 10:04:39 AM	Gathering XML indexes
11/14/2017 10:04:39 AM	Gathering Selective XML indexes
11/14/2017 10:04:39 AM	Gathering encrypted triggers
11/14/2017 10:04:39 AM	Gathering triggers
11/14/2017 10:04:39 AM	Gathering encrypted and clr ddl triggers
11/14/2017 10:04:39 AM	Gathering ddl triggers
11/14/2017 10:04:39 AM	Gathering synonyms
11/14/2017 10:04:39 AM	Gathering defaults
11/14/2017 10:04:39 AM	Gathering data constraint uddt bindings
11/14/2017 10:04:39 AM	Gathering rules
11/14/2017 10:04:39 AM	Gathering data constraint uddt bindings
11/14/2017 10:04:39 AM	Gathering message types
11/14/2017 10:04:39 AM	Gathering queues
11/14/2017 10:04:39 AM	Gathering contracts
11/14/2017 10:04:39 AM	Gathering services
11/14/2017 10:04:39 AM	Gathering event notifications
11/14/2017 10:04:39 AM	Gathering remote service bindings
11/14/2017 10:04:39 AM	Gathering broker priorities
11/14/2017 10:04:39 AM	Gathering signatures
11/14/2017 10:04:39 AM	Gathering data compression options
11/14/2017 10:04:39 AM	Gathering sequence types
11/14/2017 10:04:39 AM	Gathering security policies
11/14/2017 10:04:39 AM	Gather column encryption keys
11/14/2017 10:04:39 AM	Gathering column master keys
11/14/2017 10:04:39 AM	Gathering external data sources
11/14/2017 10:04:39 AM	Gathering external tables
11/14/2017 10:04:39 AM	Gathering extended properties
11/14/2017 10:04:41 AM	Scanning project for duplicate elements
11/14/2017 10:04:41 AM	Finished duplicate element processing
11/14/2017 10:04:42 AM	Finished importing database.
11/14/2017 10:04:42 AM	A summary of the import was saved to the following location: C:\Users\pleblanc\Documents\My Projects\Early Warning\Phase 1 - Staging\2 - Tables and Views\VS Project\EarningWarning.Stage\EarningWarning.Stage\Import Schema Logs\EarningWarning.Stage_20171114030432.log
11/14/2017 10:04:42 AM	Click Finish to continue...
